INFO:root:info CSV読み込み Start
INFO:root:info NGワードバリテーション  Start
INFO:root:info NGワードバリテーション  End
INFO:root:info タイトルチェック Start
INFO:root:info 要タイトルチェック 
INFO:root:info タイトルチェック End
INFO:root:info 画像インポート Start
INFO:root:info 画像インポート End
INFO:root:info URL取得 Start
INFO:root:info URL取得 End
INFO:root:info ヤフオクへ画像データをインポート Start
INFO:root:info ヤフオクへ画像データをインポート End
INFO:root:info 商品タイトル記入 Start
INFO:root:info 商品タイトル記入 End
INFO:root:info URLチェック Start
INFO:root:info URLチェック End
INFO:root:info カテゴリチェック Start
INFO:root:info URLチェック Start
INFO:root:info URLチェック End
INFO:root:info URLチェック Start
INFO:root:info URLチェック End
INFO:root:info URLチェック Start
INFO:root:info URLチェック End
INFO:root:info カテゴリチェック End
INFO:root:info 商品テキスト入力 Start
INFO:root:info 商品テキスト入力 End
INFO:root:info 商品テキスト Start
INFO:root:info URLチェック Start
INFO:root:info URLチェック End
INFO:root:info URLチェック Start
INFO:root:info URLチェック End
INFO:root:info 商品テキスト End
INFO:root:info 日時設定 Start
INFO:root:info 日時設定 End
INFO:root:info メインページバック Start
INFO:root:info URLチェック Start
INFO:root:info URLチェック End
INFO:root:info URLチェック Start
INFO:root:info URLチェック End
INFO:root:info メインページバック End
INFO:root:info NGワードバリテーション  Start
INFO:root:info NGワードバリテーション  End
INFO:root:info タイトルチェック Start
INFO:root:info 要タイトルチェック 
INFO:root:info タイトルチェック End
INFO:root:info 画像インポート Start
INFO:root:info 画像インポート End
INFO:root:info URL取得 Start
INFO:root:info URL取得 End
INFO:root:info ヤフオクへ画像データをインポート Start
INFO:root:info ヤフオクへ画像データをインポート End
INFO:root:info 商品タイトル記入 Start
INFO:root:info 商品タイトル記入 End
INFO:root:info URLチェック Start
INFO:root:info URLチェック End
INFO:root:info カテゴリチェック Start
INFO:root:info URLチェック Start
INFO:root:info URLチェック End
INFO:root:info URLチェック Start
INFO:root:info URLチェック End
INFO:root:info URLチェック Start
INFO:root:info URLチェック End
INFO:root:info カテゴリチェック End
INFO:root:info 商品テキスト入力 Start
INFO:root:info 商品テキスト入力 End
INFO:root:info 商品テキスト Start
INFO:root:info URLチェック Start
INFO:root:info URLチェック End
INFO:root:info URLチェック Start
INFO:root:info URLチェック End
INFO:root:info 商品テキスト End
INFO:root:info 日時設定 Start
INFO:root:info 日時設定 End
INFO:root:info メインページバック Start
INFO:root:info URLチェック Start
INFO:root:info URLチェック End
INFO:root:info URLチェック Start
INFO:root:info URLチェック End
INFO:root:info メインページバック End
INFO:root:info NGワードバリテーション  Start
INFO:root:info NGワードバリテーション  End
INFO:root:info タイトルチェック Start
INFO:root:info 要タイトルチェック 
INFO:root:info タイトルチェック End
INFO:root:info 画像インポート Start
INFO:root:info 画像インポート End
INFO:root:info URL取得 Start
INFO:root:info URL取得 End
INFO:root:info ヤフオクへ画像データをインポート Start
INFO:root:info ヤフオクへ画像データをインポート End
INFO:root:info 商品タイトル記入 Start
INFO:root:info 商品タイトル記入 End
INFO:root:info URLチェック Start
INFO:root:info URLチェック End
INFO:root:info カテゴリチェック Start
INFO:root:info URLチェック Start
INFO:root:info URLチェック End
INFO:root:info URLチェック Start
INFO:root:info URLチェック End
INFO:root:info URLチェック Start
INFO:root:info URLチェック End
INFO:root:info カテゴリチェック End
INFO:root:info 商品テキスト入力 Start
INFO:root:info 商品テキスト入力 End
INFO:root:info 商品テキスト Start
INFO:root:info URLチェック Start
INFO:root:info URLチェック End
INFO:root:info URLチェック Start
INFO:root:info URLチェック End
INFO:root:info 商品テキスト End
INFO:root:info 日時設定 Start
INFO:root:info 日時設定 End
INFO:root:info メインページバック Start
INFO:root:info URLチェック Start
INFO:root:info URLチェック End
INFO:root:info URLチェック Start
INFO:root:info URLチェック End
INFO:root:info メインページバック End
INFO:root:info NGワードバリテーション  Start
INFO:root:info NGワードバリテーション  End
INFO:root:info タイトルチェック Start
INFO:root:info 要タイトルチェック 
INFO:root:info タイトルチェック End
INFO:root:info 画像インポート Start
INFO:root:info 画像インポート End
INFO:root:info URL取得 Start
INFO:root:info URL取得 End
INFO:root:info ヤフオクへ画像データをインポート Start
INFO:root:info ヤフオクへ画像データをインポート End
INFO:root:info 商品タイトル記入 Start
INFO:root:info 商品タイトル記入 End
INFO:root:info URLチェック Start
INFO:root:info URLチェック End
INFO:root:info カテゴリチェック Start
INFO:root:info URLチェック Start
INFO:root:info URLチェック End
INFO:root:info URLチェック Start
INFO:root:info URLチェック End
INFO:root:info URLチェック Start
INFO:root:info URLチェック End
INFO:root:info カテゴリチェック End
INFO:root:info 商品テキスト入力 Start
INFO:root:info 商品テキスト入力 End
INFO:root:info 商品テキスト Start
INFO:root:info URLチェック Start
INFO:root:info URLチェック End
INFO:root:info URLチェック Start
INFO:root:info URLチェック End
INFO:root:info 商品テキスト End
INFO:root:info 日時設定 Start
INFO:root:info 日時設定 End
INFO:root:info メインページバック Start
INFO:root:info URLチェック Start
INFO:root:info URLチェック End
INFO:root:info URLチェック Start
INFO:root:info URLチェック End
INFO:root:info メインページバック End
INFO:root:info NGワードバリテーション  Start
INFO:root:info NGワードバリテーション  End
INFO:root:info タイトルチェック Start
INFO:root:info 要タイトルチェック 
INFO:root:info タイトルチェック End
INFO:root:info 画像インポート Start
INFO:root:info 出品が終了しました 
DEBUG:urllib3.connectionpool:Starting new HTTPS connection (1): notify-api.line.me:443
DEBUG:urllib3.connectionpool:https://notify-api.line.me:443 "POST /api/notify?message=%E5%87%A6%E7%90%86%E3%81%8C%E7%B5%82%E4%BA%86%E3%81%97%E3%81%BE%E3%81%97%E3%81%9F HTTP/1.1" 200 None
